<?xml version="1.0" encoding="UTF-8"?>
<!-- Generated by org.testng.reporters.JUnitReportReporter -->
<testsuite hostname="Aditya" failures="0" tests="1" name="tests.LoginTest2" time="44.278" errors="0" timestamp="2023-06-30T10:37:34 IST" skipped="0">
  <testcase classname="tests.LoginTest2" name="verifyLoginUrl" time="44.278"/>
</testsuite> <!-- tests.LoginTest2 -->
